-------------------------------------------------------------------------------
Test set: ImageHoster.controller.CommentControllerTest
-------------------------------------------------------------------------------
Tests run: 1, Failures: 1, Errors: 0, Skipped: 0, Time elapsed: 4.206 s <<< FAILURE! - in ImageHoster.controller.CommentControllerTest
createComment(ImageHoster.controller.CommentControllerTest)  Time elapsed: 0.204 s  <<< FAILURE!
java.lang.AssertionError: Redirected URL expected:</images/1/new> but was:</images/1>
	at ImageHoster.controller.CommentControllerTest.createComment(CommentControllerTest.java:64)

