<?xml version="1.0" encoding="UTF-8"?>
<testsuite xmlns:xsi="http://www.w3.org/2001/XMLSchema-instance" xsi:noNamespaceSchemaLocation="https://maven.apache.org/surefire/maven-surefire-plugin/xsd/surefire-test-report.xsd" name="ImageHoster.controller.UserControllerTest" time="0.88" tests="6" errors="0" skipped="0" failures="1">
  <properties>
[...]
</properties>
  <testcase name="signupWithCorrectPasswordType" classname="ImageHoster.controller.UserControllerTest" time="0.026">
    <failure message="View name expected:&lt;users/login&gt; but was:&lt;redirect:/users/login&gt;" type="java.lang.AssertionError"><![CDATA[java.lang.AssertionError: View name expected:<users/login> but was:<redirect:/users/login>
	at ImageHoster.controller.UserControllerTest.signupWithCorrectPasswordType(UserControllerTest.java:87)
]]></failure>
    <system-out><![CDATA[2018-12-30 10:59:32.508  INFO 22012 --- [           main] .b.t.a.w.s.WebMvcTestContextBootstrapper : Neither @ContextConfiguration nor @ContextHierarchy found for test class [ImageHoster.controller.UserControllerTest], using SpringBootContextLoader
2018-12-30 10:59:32.509  INFO 22012 --- [           main] o.s.t.c.support.AbstractContextLoader    : Could not detect default resource locations for test class [ImageHoster.controller.UserControllerTest]: no resource found for suffixes {-context.xml, Context.groovy}.
2018-12-30 10:59:32.509  INFO 22012 --- [           main] t.c.s.AnnotationConfigContextLoaderUtils : Could not detect default configuration classes for test class [ImageHoster.controller.UserControllerTest]: UserControllerTest does not declare any static, non-private, non-final, nested classes annotated with @Configuration.
2018-12-30 10:59:32.531  INFO 22012 --- [           main] .b.t.c.SpringBootTestContextBootstrapper : Found @SpringBootConfiguration ImageHoster.ImageHosterApplication for test class ImageHoster.controller.UserControllerTest
2018-12-30 10:59:32.532  INFO 22012 --- [           main] .b.t.a.w.s.WebMvcTestContextBootstrapper : Loaded default TestExecutionListener class names from location [META-INF/spring.factories]: [org.springframework.boot.test.mock.mockito.MockitoTestExecutionListener, org.springframework.boot.test.mock.mockito.ResetMocksTestExecutionListener, org.springframework.boot.test.autoconfigure.restdocs.RestDocsTestExecutionListener, org.springframework.boot.test.autoconfigure.web.client.MockRestServiceServerResetTestExecutionListener, org.springframework.boot.test.autoconfigure.web.servlet.MockMvcPrintOnlyOnFailureTestExecutionListener, org.springframework.boot.test.autoconfigure.web.servlet.WebDriverTestExecutionListener, org.springframework.test.context.web.ServletTestExecutionListener, org.springframework.test.context.support.DirtiesContextBeforeModesTestExecutionListener, org.springframework.test.context.support.DependencyInjectionTestExecutionListener, org.springframework.test.context.support.DirtiesContextTestExecutionListener, org.springframework.test.context.transaction.TransactionalTestExecutionListener, org.springframework.test.context.jdbc.SqlScriptsTestExecutionListener]
2018-12-30 10:59:32.532  INFO 22012 --- [           main] .b.t.a.w.s.WebMvcTestContextBootstrapper : Using TestExecutionListeners: [org.springframework.test.context.web.ServletTestExecutionListener@3c09a350, org.springframework.test.context.support.DirtiesContextBeforeModesTestExecutionListener@592a1882, org.springframework.boot.test.mock.mockito.MockitoTestExecutionListener@48368a08, org.springframework.boot.test.autoconfigure.SpringBootDependencyInjectionTestExecutionListener@41a23470, org.springframework.test.context.support.DirtiesContextTestExecutionListener@30c01c37, org.springframework.test.context.transaction.TransactionalTestExecutionListener@39a7eca5, org.springframework.test.context.jdbc.SqlScriptsTestExecutionListener@45bd4753, org.springframework.boot.test.mock.mockito.ResetMocksTestExecutionListener@156cfa20, org.springframework.boot.test.autoconfigure.restdocs.RestDocsTestExecutionListener@25fd6d1e, org.springframework.boot.test.autoconfigure.web.client.MockRestServiceServerResetTestExecutionListener@23396fc0, org.springframework.boot.test.autoconfigure.web.servlet.MockMvcPrintOnlyOnFailureTestExecutionListener@c11332b, org.springframework.boot.test.autoconfigure.web.servlet.WebDriverTestExecutionListener@7e5e6573]

  .   ____          _            __ _ _
 /\\ / ___'_ __ _ _(_)_ __  __ _ \ \ \ \
( ( )\___ | '_ | '_| | '_ \/ _` | \ \ \ \
 \\/  ___)| |_)| | | | | || (_| |  ) ) ) )
  '  |____| .__|_| |_|_| |_\__, | / / / /
 =========|_|==============|___/=/_/_/_/
 :: Spring Boot ::        (v2.0.5.RELEASE)

2018-12-30 10:59:32.598  INFO 22012 --- [           main] I.controller.UserControllerTest          : Starting UserControllerTest on DESKTOP-GE0JB7E with PID 22012 (started by GuidD in D:\Course 1 - Industry Demonstration - v2\ImageHost-master)
2018-12-30 10:59:32.600  INFO 22012 --- [           main] I.controller.UserControllerTest          : No active profile set, falling back to default profiles: default
2018-12-30 10:59:32.636  INFO 22012 --- [           main] o.s.w.c.s.GenericWebApplicationContext   : Refreshing org.springframework.web.context.support.GenericWebApplicationContext@74707df8: startup date [Sun Dec 30 10:59:32 IST 2018]; root of context hierarchy
2018-12-30 10:59:32.873  INFO 22012 --- [           main] o.s.w.s.handler.SimpleUrlHandlerMapping  : Mapped URL path [/**/favicon.ico] onto handler of type [class org.springframework.web.servlet.resource.ResourceHttpRequestHandler]
2018-12-30 10:59:33.043  INFO 22012 --- [           main] s.w.s.m.m.a.RequestMappingHandlerAdapter : Looking for @ControllerAdvice: org.springframework.web.context.support.GenericWebApplicationContext@74707df8: startup date [Sun Dec 30 10:59:32 IST 2018]; root of context hierarchy
2018-12-30 10:59:33.058  INFO 22012 --- [           main] s.w.s.m.m.a.RequestMappingHandlerMapping : Mapped "{[/users/login],methods=[POST]}" onto public java.lang.String ImageHoster.controller.UserController.loginUser(ImageHoster.model.User,javax.servlet.http.HttpSession)
2018-12-30 10:59:33.058  INFO 22012 --- [           main] s.w.s.m.m.a.RequestMappingHandlerMapping : Mapped "{[/users/logout],methods=[POST]}" onto public java.lang.String ImageHoster.controller.UserController.logout(org.springframework.ui.Model,javax.servlet.http.HttpSession)
2018-12-30 10:59:33.058  INFO 22012 --- [           main] s.w.s.m.m.a.RequestMappingHandlerMapping : Mapped "{[/users/login]}" onto public java.lang.String ImageHoster.controller.UserController.login()
2018-12-30 10:59:33.059  INFO 22012 --- [           main] s.w.s.m.m.a.RequestMappingHandlerMapping : Mapped "{[/users/registration],methods=[POST]}" onto public java.lang.String ImageHoster.controller.UserController.registerUser(ImageHoster.model.User,org.springframework.ui.Model)
2018-12-30 10:59:33.059  INFO 22012 --- [           main] s.w.s.m.m.a.RequestMappingHandlerMapping : Mapped "{[/users/registration]}" onto public java.lang.String ImageHoster.controller.UserController.registration(org.springframework.ui.Model)
2018-12-30 10:59:33.061  INFO 22012 --- [           main] s.w.s.m.m.a.RequestMappingHandlerMapping : Mapped "{[/error]}" onto public org.springframework.http.ResponseEntity<java.util.Map<java.lang.String, java.lang.Object>> org.springframework.boot.autoconfigure.web.servlet.error.BasicErrorController.error(javax.servlet.http.HttpServletRequest)
2018-12-30 10:59:33.062  INFO 22012 --- [           main] s.w.s.m.m.a.RequestMappingHandlerMapping : Mapped "{[/error],produces=[text/html]}" onto public org.springframework.web.servlet.ModelAndView org.springframework.boot.autoconfigure.web.servlet.error.BasicErrorController.errorHtml(javax.servlet.http.HttpServletRequest,javax.servlet.http.HttpServletResponse)
2018-12-30 10:59:33.079  INFO 22012 --- [           main] o.s.w.s.handler.SimpleUrlHandlerMapping  : Mapped URL path [/webjars/**] onto handler of type [class org.springframework.web.servlet.resource.ResourceHttpRequestHandler]
2018-12-30 10:59:33.079  INFO 22012 --- [           main] o.s.w.s.handler.SimpleUrlHandlerMapping  : Mapped URL path [/**] onto handler of type [class org.springframework.web.servlet.resource.ResourceHttpRequestHandler]
2018-12-30 10:59:33.158  INFO 22012 --- [           main] o.s.b.a.w.s.WelcomePageHandlerMapping    : Adding welcome page template: index
2018-12-30 10:59:33.229  INFO 22012 --- [           main] o.s.b.t.m.w.SpringBootMockServletContext : Initializing Spring FrameworkServlet ''
2018-12-30 10:59:33.230  INFO 22012 --- [           main] o.s.t.web.servlet.TestDispatcherServlet  : FrameworkServlet '': initialization started
2018-12-30 10:59:33.242  INFO 22012 --- [           main] o.s.t.web.servlet.TestDispatcherServlet  : FrameworkServlet '': initialization completed in 11 ms
2018-12-30 10:59:33.325  INFO 22012 --- [           main] I.controller.UserControllerTest          : Started UserControllerTest in 0.784 seconds (JVM running for 9.716)

MockHttpServletRequest:
      HTTP Method = POST
      Request URI = /users/registration
       Parameters = {}
          Headers = {}
             Body = <no character encoding set>
    Session Attrs = {}

Handler:
             Type = ImageHoster.controller.UserController
           Method = public java.lang.String ImageHoster.controller.UserController.registerUser(ImageHoster.model.User,org.springframework.ui.Model)

Async:
    Async started = false
     Async result = null

Resolved Exception:
             Type = null

ModelAndView:
        View name = redirect:/users/login
             View = null
            Model = null

FlashMap:
       Attributes = null

MockHttpServletResponse:
           Status = 302
    Error message = null
          Headers = {Content-Language=[en], Location=[/users/login]}
     Content type = null
             Body = 
    Forwarded URL = null
   Redirected URL = /users/login
          Cookies = []
]]></system-out>
  </testcase>
  <testcase name="logout" classname="ImageHoster.controller.UserControllerTest" time="0.049"/>
  <testcase name="signinWithGetRequest" classname="ImageHoster.controller.UserControllerTest" time="0.013"/>
  <testcase name="signupWithWrongPasswordType" classname="ImageHoster.controller.UserControllerTest" time="0.07"/>
  <testcase name="signupWithGetRequest" classname="ImageHoster.controller.UserControllerTest" time="0.028"/>
  <testcase name="signinWithWrongCredentials" classname="ImageHoster.controller.UserControllerTest" time="0.034"/>
</testsuite>